Compiling the C compiler identification source file "CMakeCCompilerId.c" failed.
Compiler: /Library/Developer/CommandLineTools/usr/bin/cc 
Build flags: 
Id flags:  

The output was:
1
ld: library not found for -lSystem
clang: error: linker command failed with exit code 1 (use -v to see invocation)


Compiling the CXX compiler identification source file "CMakeCXXCompilerId.cpp" failed.
Compiler: /Library/Developer/CommandLineTools/usr/bin/c++ 
Build flags: 
Id flags:  

The output was:
1
ld: library not found for -lc++
clang: error: linker command failed with exit code 1 (use -v to see invocation)


Determining if the function crc32c_value exists in the crc32c failed with the following output:
Change Dir: /Users/wu/leveldb_sub/leveldb/build/CMakeFiles/CMakeTmp

Run Build Command(s):/usr/bin/make cmTC_9d0a7/fast && /Library/Developer/CommandLineTools/usr/bin/make  -f CMakeFiles/cmTC_9d0a7.dir/build.make CMakeFiles/cmTC_9d0a7.dir/build
Building C object CMakeFiles/cmTC_9d0a7.dir/CheckFunctionExists.c.o
/Library/Developer/CommandLineTools/usr/bin/cc   -DCHECK_FUNCTION_EXISTS=crc32c_value -isysroot /Library/Developer/CommandLineTools/SDKs/MacOSX10.15.sdk -std=c11 -o CMakeFiles/cmTC_9d0a7.dir/CheckFunctionExists.c.o -c /usr/local/Cellar/cmake/3.18.1/share/cmake/Modules/CheckFunctionExists.c
Linking C executable cmTC_9d0a7
/usr/local/Cellar/cmake/3.18.1/bin/cmake -E cmake_link_script CMakeFiles/cmTC_9d0a7.dir/link.txt --verbose=1
/Library/Developer/CommandLineTools/usr/bin/cc  -DCHECK_FUNCTION_EXISTS=crc32c_value -isysroot /Library/Developer/CommandLineTools/SDKs/MacOSX10.15.sdk -Wl,-search_paths_first -Wl,-headerpad_max_install_names CMakeFiles/cmTC_9d0a7.dir/CheckFunctionExists.c.o -o cmTC_9d0a7  -lcrc32c 
ld: library not found for -lcrc32c
clang: error: linker command failed with exit code 1 (use -v to see invocation)
make[1]: *** [cmTC_9d0a7] Error 1
make: *** [cmTC_9d0a7/fast] Error 2



Determining if the function snappy_compress exists in the snappy failed with the following output:
Change Dir: /Users/wu/leveldb_sub/leveldb/build/CMakeFiles/CMakeTmp

Run Build Command(s):/usr/bin/make cmTC_b4e2e/fast && /Library/Developer/CommandLineTools/usr/bin/make  -f CMakeFiles/cmTC_b4e2e.dir/build.make CMakeFiles/cmTC_b4e2e.dir/build
Building C object CMakeFiles/cmTC_b4e2e.dir/CheckFunctionExists.c.o
/Library/Developer/CommandLineTools/usr/bin/cc   -DCHECK_FUNCTION_EXISTS=snappy_compress -isysroot /Library/Developer/CommandLineTools/SDKs/MacOSX10.15.sdk -std=c11 -o CMakeFiles/cmTC_b4e2e.dir/CheckFunctionExists.c.o -c /usr/local/Cellar/cmake/3.18.1/share/cmake/Modules/CheckFunctionExists.c
Linking C executable cmTC_b4e2e
/usr/local/Cellar/cmake/3.18.1/bin/cmake -E cmake_link_script CMakeFiles/cmTC_b4e2e.dir/link.txt --verbose=1
/Library/Developer/CommandLineTools/usr/bin/cc  -DCHECK_FUNCTION_EXISTS=snappy_compress -isysroot /Library/Developer/CommandLineTools/SDKs/MacOSX10.15.sdk -Wl,-search_paths_first -Wl,-headerpad_max_install_names CMakeFiles/cmTC_b4e2e.dir/CheckFunctionExists.c.o -o cmTC_b4e2e  -lsnappy 
ld: library not found for -lsnappy
clang: error: linker command failed with exit code 1 (use -v to see invocation)
make[1]: *** [cmTC_b4e2e] Error 1
make: *** [cmTC_b4e2e/fast] Error 2



Determining if the function malloc exists in the tcmalloc failed with the following output:
Change Dir: /Users/wu/leveldb_sub/leveldb/build/CMakeFiles/CMakeTmp

Run Build Command(s):/usr/bin/make cmTC_3cb84/fast && /Library/Developer/CommandLineTools/usr/bin/make  -f CMakeFiles/cmTC_3cb84.dir/build.make CMakeFiles/cmTC_3cb84.dir/build
Building C object CMakeFiles/cmTC_3cb84.dir/CheckFunctionExists.c.o
/Library/Developer/CommandLineTools/usr/bin/cc   -DCHECK_FUNCTION_EXISTS=malloc -isysroot /Library/Developer/CommandLineTools/SDKs/MacOSX10.15.sdk -std=c11 -o CMakeFiles/cmTC_3cb84.dir/CheckFunctionExists.c.o -c /usr/local/Cellar/cmake/3.18.1/share/cmake/Modules/CheckFunctionExists.c
/usr/local/Cellar/cmake/3.18.1/share/cmake/Modules/CheckFunctionExists.c:7:3: warning: incompatible redeclaration of library function 'malloc' [-Wincompatible-library-redeclaration]
  CHECK_FUNCTION_EXISTS(void);
  ^
<command line>:1:31: note: expanded from here
#define CHECK_FUNCTION_EXISTS malloc
                              ^
/usr/local/Cellar/cmake/3.18.1/share/cmake/Modules/CheckFunctionExists.c:7:3: note: 'malloc' is a builtin with type 'void *(unsigned long)'
<command line>:1:31: note: expanded from here
#define CHECK_FUNCTION_EXISTS malloc
                              ^
1 warning generated.
Linking C executable cmTC_3cb84
/usr/local/Cellar/cmake/3.18.1/bin/cmake -E cmake_link_script CMakeFiles/cmTC_3cb84.dir/link.txt --verbose=1
/Library/Developer/CommandLineTools/usr/bin/cc  -DCHECK_FUNCTION_EXISTS=malloc -isysroot /Library/Developer/CommandLineTools/SDKs/MacOSX10.15.sdk -Wl,-search_paths_first -Wl,-headerpad_max_install_names CMakeFiles/cmTC_3cb84.dir/CheckFunctionExists.c.o -o cmTC_3cb84  -ltcmalloc 
ld: library not found for -ltcmalloc
clang: error: linker command failed with exit code 1 (use -v to see invocation)
make[1]: *** [cmTC_3cb84] Error 1
make: *** [cmTC_3cb84/fast] Error 2



Determining if the fdatasync exist failed with the following output:
Change Dir: /Users/wu/leveldb_sub/leveldb/build/CMakeFiles/CMakeTmp

Run Build Command(s):/usr/bin/make cmTC_cbd94/fast && /Library/Developer/CommandLineTools/usr/bin/make  -f CMakeFiles/cmTC_cbd94.dir/build.make CMakeFiles/cmTC_cbd94.dir/build
Building CXX object CMakeFiles/cmTC_cbd94.dir/CheckSymbolExists.cxx.o
/Library/Developer/CommandLineTools/usr/bin/c++   -isysroot /Library/Developer/CommandLineTools/SDKs/MacOSX10.15.sdk -std=c++11 -o CMakeFiles/cmTC_cbd94.dir/CheckSymbolExists.cxx.o -c /Users/wu/leveldb_sub/leveldb/build/CMakeFiles/CMakeTmp/CheckSymbolExists.cxx
/Users/wu/leveldb_sub/leveldb/build/CMakeFiles/CMakeTmp/CheckSymbolExists.cxx:8:19: error: use of undeclared identifier 'fdatasync'
  return ((int*)(&fdatasync))[argc];
                  ^
1 error generated.
make[1]: *** [CMakeFiles/cmTC_cbd94.dir/CheckSymbolExists.cxx.o] Error 1
make: *** [cmTC_cbd94/fast] Error 2


File /Users/wu/leveldb_sub/leveldb/build/CMakeFiles/CMakeTmp/CheckSymbolExists.cxx:
/* */
#include <unistd.h>

int main(int argc, char** argv)
{
  (void)argv;
#ifndef fdatasync
  return ((int*)(&fdatasync))[argc];
#else
  (void)argc;
  return 0;
#endif
}
Performing C++ SOURCE FILE Test HAVE_CXX_FLAG_WSUGGEST_OVERRIDE failed with the following output:
Change Dir: /Users/wu/leveldb_sub/leveldb/build/CMakeFiles/CMakeTmp

Run Build Command(s):/usr/bin/make cmTC_7eae6/fast && /Library/Developer/CommandLineTools/usr/bin/make  -f CMakeFiles/cmTC_7eae6.dir/build.make CMakeFiles/cmTC_7eae6.dir/build
Building CXX object CMakeFiles/cmTC_7eae6.dir/src.cxx.o
/Library/Developer/CommandLineTools/usr/bin/c++   -fno-exceptions -fno-rtti  -std=c++11  -Wall  -Wextra  -Wshadow -DHAVE_CXX_FLAG_WSUGGEST_OVERRIDE  -Wsuggest-override -isysroot /Library/Developer/CommandLineTools/SDKs/MacOSX10.15.sdk   -Wsuggest-override -std=c++11 -o CMakeFiles/cmTC_7eae6.dir/src.cxx.o -c /Users/wu/leveldb_sub/leveldb/build/CMakeFiles/CMakeTmp/src.cxx
warning: unknown warning option '-Wsuggest-override'; did you mean '-Wshift-overflow'? [-Wunknown-warning-option]
warning: unknown warning option '-Wsuggest-override'; did you mean '-Wshift-overflow'? [-Wunknown-warning-option]
2 warnings generated.
Linking CXX executable cmTC_7eae6
/usr/local/Cellar/cmake/3.18.1/bin/cmake -E cmake_link_script CMakeFiles/cmTC_7eae6.dir/link.txt --verbose=1
/Library/Developer/CommandLineTools/usr/bin/c++  -fno-exceptions -fno-rtti  -std=c++11  -Wall  -Wextra  -Wshadow -DHAVE_CXX_FLAG_WSUGGEST_OVERRIDE  -Wsuggest-override -isysroot /Library/Developer/CommandLineTools/SDKs/MacOSX10.15.sdk -Wl,-search_paths_first -Wl,-headerpad_max_install_names CMakeFiles/cmTC_7eae6.dir/src.cxx.o -o cmTC_7eae6 


Source file was:
int main() { return 0; }
Performing C++ SOURCE FILE Test HAVE_CXX_FLAG_WD654 failed with the following output:
Change Dir: /Users/wu/leveldb_sub/leveldb/build/CMakeFiles/CMakeTmp

Run Build Command(s):/usr/bin/make cmTC_92c23/fast && /Library/Developer/CommandLineTools/usr/bin/make  -f CMakeFiles/cmTC_92c23.dir/build.make CMakeFiles/cmTC_92c23.dir/build
Building CXX object CMakeFiles/cmTC_92c23.dir/src.cxx.o
/Library/Developer/CommandLineTools/usr/bin/c++   -fno-exceptions -fno-rtti  -std=c++11  -Wall  -Wextra  -Wshadow  -Wshorten-64-to-32  -fstrict-aliasing  -Wno-deprecated-declarations  -fno-exceptions  -Wstrict-aliasing -DHAVE_CXX_FLAG_WD654  -wd654 -isysroot /Library/Developer/CommandLineTools/SDKs/MacOSX10.15.sdk   -wd654 -std=c++11 -o CMakeFiles/cmTC_92c23.dir/src.cxx.o -c /Users/wu/leveldb_sub/leveldb/build/CMakeFiles/CMakeTmp/src.cxx
clang: error: unknown argument: '-wd654'
clang: error: unknown argument: '-wd654'
make[1]: *** [CMakeFiles/cmTC_92c23.dir/src.cxx.o] Error 1
make: *** [cmTC_92c23/fast] Error 2


Source file was:
int main() { return 0; }
Performing C++ SOURCE FILE Test HAVE_KYOTOCABINET failed with the following output:
Change Dir: /Users/wu/leveldb_sub/leveldb/build/CMakeFiles/CMakeTmp

Run Build Command(s):/usr/bin/make cmTC_52a55/fast && /Library/Developer/CommandLineTools/usr/bin/make  -f CMakeFiles/cmTC_52a55.dir/build.make CMakeFiles/cmTC_52a55.dir/build
Building CXX object CMakeFiles/cmTC_52a55.dir/src.cxx.o
/Library/Developer/CommandLineTools/usr/bin/c++   -fno-exceptions -fno-rtti -DHAVE_KYOTOCABINET -isysroot /Library/Developer/CommandLineTools/SDKs/MacOSX10.15.sdk -std=c++11 -o CMakeFiles/cmTC_52a55.dir/src.cxx.o -c /Users/wu/leveldb_sub/leveldb/build/CMakeFiles/CMakeTmp/src.cxx
/Users/wu/leveldb_sub/leveldb/build/CMakeFiles/CMakeTmp/src.cxx:2:10: fatal error: 'kcpolydb.h' file not found
#include <kcpolydb.h>
         ^~~~~~~~~~~~
1 error generated.
make[1]: *** [CMakeFiles/cmTC_52a55.dir/src.cxx.o] Error 1
make: *** [cmTC_52a55/fast] Error 2


Source file was:

#include <kcpolydb.h>

int main() {
  kyotocabinet::TreeDB* db = new kyotocabinet::TreeDB();
  delete db;
  return 0;
}
  
